  CBillBoard.cpp
  CBullet.cpp
  CCamera.cpp
  CCharacter.cpp
  CCity.cpp
  CCoin.cpp
C:\Users\81802\Desktop\Game2 Season2\2\18Monden\ソースプロジェクト\GameProgramming\CSound.h(101,50): warning C4101: 'cnt': ローカル変数は 1 度も使われていません。
C:\Users\81802\Desktop\Game2 Season2\2\18Monden\ソースプロジェクト\GameProgramming\CSound.h(100,24): warning C4101: 'state': ローカル変数は 1 度も使われていません。
C:\Users\81802\Desktop\Game2 Season2\2\18Monden\ソースプロジェクト\GameProgramming\CSound.h(101,87): warning C4101: 'dw': ローカル変数は 1 度も使われていません。
  CCollider.cpp
  CColliderLine.cpp
  CColliderMesh.cpp
C:\Users\81802\Desktop\Game2 Season2\2\18Monden\ソースプロジェクト\GameProgramming\CColliderMesh.cpp(21,20): warning C4018: '<': signed と unsigned の数値を比較しようとしました。
  CCollisionManager.cpp
  CEffect.cpp
  CEffect2.cpp
  CEnemy.cpp
C:\Users\81802\Desktop\Game2 Season2\2\18Monden\ソースプロジェクト\GameProgramming\CSound.h(101,50): warning C4101: 'cnt': ローカル変数は 1 度も使われていません。
C:\Users\81802\Desktop\Game2 Season2\2\18Monden\ソースプロジェクト\GameProgramming\CSound.h(100,24): warning C4101: 'state': ローカル変数は 1 度も使われていません。
C:\Users\81802\Desktop\Game2 Season2\2\18Monden\ソースプロジェクト\GameProgramming\CSound.h(101,87): warning C4101: 'dw': ローカル変数は 1 度も使われていません。
  CEnemy2.cpp
C:\Users\81802\Desktop\Game2 Season2\2\18Monden\ソースプロジェクト\GameProgramming\CSound.h(101,50): warning C4101: 'cnt': ローカル変数は 1 度も使われていません。
C:\Users\81802\Desktop\Game2 Season2\2\18Monden\ソースプロジェクト\GameProgramming\CSound.h(100,24): warning C4101: 'state': ローカル変数は 1 度も使われていません。
C:\Users\81802\Desktop\Game2 Season2\2\18Monden\ソースプロジェクト\GameProgramming\CSound.h(101,87): warning C4101: 'dw': ローカル変数は 1 度も使われていません。
  CGround.cpp
  CInput.cpp
  CKey.cpp
  CBulletItem.cpp
C:\Users\81802\Desktop\Game2 Season2\2\18Monden\ソースプロジェクト\GameProgramming\CSound.h(101,50): warning C4101: 'cnt': ローカル変数は 1 度も使われていません。
C:\Users\81802\Desktop\Game2 Season2\2\18Monden\ソースプロジェクト\GameProgramming\CSound.h(100,24): warning C4101: 'state': ローカル変数は 1 度も使われていません。
C:\Users\81802\Desktop\Game2 Season2\2\18Monden\ソースプロジェクト\GameProgramming\CSound.h(101,87): warning C4101: 'dw': ローカル変数は 1 度も使われていません。
  CMaterial.cpp
  CMatrix.cpp
  コードを生成中...
  コンパイル中...
  CModel.cpp
C:\Users\81802\Desktop\Game2 Season2\2\18Monden\ソースプロジェクト\GameProgramming\CModel.cpp(186,20): warning C4018: '<': signed と unsigned の数値を比較しようとしました。
C:\Users\81802\Desktop\Game2 Season2\2\18Monden\ソースプロジェクト\GameProgramming\CModel.cpp(188,21): warning C4018: '<': signed と unsigned の数値を比較しようとしました。
C:\Users\81802\Desktop\Game2 Season2\2\18Monden\ソースプロジェクト\GameProgramming\CModel.cpp(231,20): warning C4018: '<': signed と unsigned の数値を比較しようとしました。
C:\Users\81802\Desktop\Game2 Season2\2\18Monden\ソースプロジェクト\GameProgramming\CModel.cpp(243,20): warning C4018: '<': signed と unsigned の数値を比較しようとしました。
C:\Users\81802\Desktop\Game2 Season2\2\18Monden\ソースプロジェクト\GameProgramming\CModel.cpp(284,20): warning C4018: '<': signed と unsigned の数値を比較しようとしました。
  CPlayer.cpp
C:\Users\81802\Desktop\Game2 Season2\2\18Monden\ソースプロジェクト\GameProgramming\CSound.h(101,50): warning C4101: 'cnt': ローカル変数は 1 度も使われていません。
C:\Users\81802\Desktop\Game2 Season2\2\18Monden\ソースプロジェクト\GameProgramming\CSound.h(100,24): warning C4101: 'state': ローカル変数は 1 度も使われていません。
C:\Users\81802\Desktop\Game2 Season2\2\18Monden\ソースプロジェクト\GameProgramming\CSound.h(101,87): warning C4101: 'dw': ローカル変数は 1 度も使われていません。
  CSceneDraw.cpp
  CSceneGame.cpp
C:\Users\81802\Desktop\Game2 Season2\2\18Monden\ソースプロジェクト\GameProgramming\CSound.h(101,50): warning C4101: 'cnt': ローカル変数は 1 度も使われていません。
C:\Users\81802\Desktop\Game2 Season2\2\18Monden\ソースプロジェクト\GameProgramming\CSound.h(100,24): warning C4101: 'state': ローカル変数は 1 度も使われていません。
C:\Users\81802\Desktop\Game2 Season2\2\18Monden\ソースプロジェクト\GameProgramming\CSound.h(101,87): warning C4101: 'dw': ローカル変数は 1 度も使われていません。
  CSceneLose.cpp
  CSceneManager.cpp
  CSceneTitle.cpp
  CSceneWin.cpp
  CShadowMap.cpp
  CSound.cpp
C:\Users\81802\Desktop\Game2 Season2\2\18Monden\ソースプロジェクト\GameProgramming\CSound.h(101,50): warning C4101: 'cnt': ローカル変数は 1 度も使われていません。
C:\Users\81802\Desktop\Game2 Season2\2\18Monden\ソースプロジェクト\GameProgramming\CSound.h(100,24): warning C4101: 'state': ローカル変数は 1 度も使われていません。
C:\Users\81802\Desktop\Game2 Season2\2\18Monden\ソースプロジェクト\GameProgramming\CSound.h(101,87): warning C4101: 'dw': ローカル変数は 1 度も使われていません。
  CTaskManager.cpp
  CText.cpp
  CTexture.cpp
  CTransform.cpp
  CTriangle.cpp
  CColliderTriangle.cpp
  CUtil.cpp
  CVector.cpp
  CWall.cpp
  Update.cpp
  コードを生成中...
  コンパイル中...
  main.cpp
  コードを生成中...
  LINK : 前回のインクリメンタル リンクで C:\Users\81802\Desktop\Game2 Season2\2\18Monden\ソースプロジェクト\Debug\GameProgramming.exe が見つからなかったか、ビルドされませんでした。フル リンクを行います。
LINK : warning LNK4098: defaultlib 'MSVCRT' は他のライブラリの使用と競合しています。/NODEFAULTLIB:library を使用してください。
LINK : warning LNK4098: defaultlib 'LIBCMT' は他のライブラリの使用と競合しています。/NODEFAULTLIB:library を使用してください。
  GameProgramming.vcxproj -> C:\Users\81802\Desktop\Game2 Season2\2\18Monden\ソースプロジェクト\Debug\GameProgramming.exe
